INFO  - 2014-08-05 09:21:43.180; org.apache.solr.core.SolrResourceLoader; Adding 'file:/C:/users/jonathan/documents/irweabsearch/solr/dist/solr-velocity-4.8.0.jar' to classloader
INFO  - 2014-08-05 09:21:43.540; org.apache.solr.update.SolrIndexConfig; IndexWriter infoStream solr logging is enabled
INFO  - 2014-08-05 09:21:43.540; org.apache.solr.core.SolrConfig; Using Lucene MatchVersion: LUCENE_48
INFO  - 2014-08-05 09:21:43.806; org.apache.solr.core.SolrConfig; Loaded SolrConfig: solrconfig.xml
INFO  - 2014-08-05 09:21:43.806; org.apache.solr.schema.IndexSchema; Reading Solr Schema from schema.xml
INFO  - 2014-08-05 09:21:43.837; org.apache.solr.schema.IndexSchema; [collection1] Schema name=nutch
INFO  - 2014-08-05 09:21:43.931; org.apache.solr.schema.IndexSchema; default search field in schema is content
INFO  - 2014-08-05 09:21:43.931; org.apache.solr.schema.IndexSchema; query parser default operator is OR
INFO  - 2014-08-05 09:21:43.931; org.apache.solr.schema.IndexSchema; unique key field: id
INFO  - 2014-08-05 09:21:43.962; org.apache.solr.core.CoreContainer; Creating SolrCore 'collection1' using configuration from instancedir C:\users\jonathan\documents\irweabsearch\solr\example\solr\collection1\
INFO  - 2014-08-05 09:21:43.993; org.apache.solr.core.SolrCore; solr.NRTCachingDirectoryFactory
INFO  - 2014-08-05 09:21:43.993; org.apache.solr.core.SolrCore; [collection1] Opening new SolrCore at C:\users\jonathan\documents\irweabsearch\solr\example\solr\collection1\, dataDir=C:\Users\Jonathan\Documents\IRWeabsearch\solr\example\solr\collection1\data\
INFO  - 2014-08-05 09:21:43.993; org.apache.solr.core.JmxMonitoredMap; No JMX servers found, not exposing Solr information with JMX.
INFO  - 2014-08-05 09:21:44.009; org.apache.solr.core.SolrCore; [collection1] Added SolrEventListener for newSearcher: org.apache.solr.core.QuerySenderListener{queries=[]}
INFO  - 2014-08-05 09:21:44.009; org.apache.solr.core.SolrCore; [collection1] Added SolrEventListener for firstSearcher: org.apache.solr.core.QuerySenderListener{queries=[{q=static firstSearcher warming in solrconfig.xml}]}
INFO  - 2014-08-05 09:21:44.024; org.apache.solr.core.CachingDirectoryFactory; return new directory for C:\Users\Jonathan\Documents\IRWeabsearch\solr\example\solr\collection1\data
INFO  - 2014-08-05 09:21:44.024; org.apache.solr.core.SolrCore; New index directory detected: old=null new=C:\Users\Jonathan\Documents\IRWeabsearch\solr\example\solr\collection1\data\index/
INFO  - 2014-08-05 09:21:44.024; org.apache.solr.core.CachingDirectoryFactory; return new directory for C:\Users\Jonathan\Documents\IRWeabsearch\solr\example\solr\collection1\data\index
INFO  - 2014-08-05 09:21:44.056; org.apache.solr.core.SolrCore; created json: solr.JSONResponseWriter
INFO  - 2014-08-05 09:21:44.056; org.apache.solr.core.SolrCore; adding lazy queryResponseWriter: solr.VelocityResponseWriter
INFO  - 2014-08-05 09:21:44.056; org.apache.solr.core.SolrCore; created velocity: solr.VelocityResponseWriter
INFO  - 2014-08-05 09:21:44.056; org.apache.solr.core.SolrCore; created xslt: solr.XSLTResponseWriter
INFO  - 2014-08-05 09:21:44.056; org.apache.solr.response.XSLTResponseWriter; xsltCacheLifetimeSeconds=5
INFO  - 2014-08-05 09:21:44.149; org.apache.solr.core.SolrCore; no updateRequestProcessorChain defined as default, creating implicit default
INFO  - 2014-08-05 09:21:44.165; org.apache.solr.core.RequestHandlers; created /select: solr.SearchHandler
INFO  - 2014-08-05 09:21:44.165; org.apache.solr.core.RequestHandlers; created /query: solr.SearchHandler
INFO  - 2014-08-05 09:21:44.165; org.apache.solr.core.RequestHandlers; created /get: solr.RealTimeGetHandler
INFO  - 2014-08-05 09:21:44.165; org.apache.solr.core.RequestHandlers; created /browse: solr.SearchHandler
INFO  - 2014-08-05 09:21:44.165; org.apache.solr.core.RequestHandlers; created /keks: solr.SearchHandler
INFO  - 2014-08-05 09:21:44.165; org.apache.solr.core.RequestHandlers; created /update: solr.UpdateRequestHandler
INFO  - 2014-08-05 09:21:44.165; org.apache.solr.core.RequestHandlers; created /update/json: solr.UpdateRequestHandler
INFO  - 2014-08-05 09:21:44.165; org.apache.solr.core.RequestHandlers; created /update/csv: solr.UpdateRequestHandler
INFO  - 2014-08-05 09:21:44.165; org.apache.solr.core.RequestHandlers; adding lazy requestHandler: solr.extraction.ExtractingRequestHandler
INFO  - 2014-08-05 09:21:44.165; org.apache.solr.core.RequestHandlers; created /update/extract: solr.extraction.ExtractingRequestHandler
INFO  - 2014-08-05 09:21:44.165; org.apache.solr.core.RequestHandlers; adding lazy requestHandler: solr.FieldAnalysisRequestHandler
INFO  - 2014-08-05 09:21:44.165; org.apache.solr.core.RequestHandlers; created /analysis/field: solr.FieldAnalysisRequestHandler
INFO  - 2014-08-05 09:21:44.165; org.apache.solr.core.RequestHandlers; adding lazy requestHandler: solr.DocumentAnalysisRequestHandler
INFO  - 2014-08-05 09:21:44.165; org.apache.solr.core.RequestHandlers; created /analysis/document: solr.DocumentAnalysisRequestHandler
INFO  - 2014-08-05 09:21:44.181; org.apache.solr.core.RequestHandlers; created /admin/: solr.admin.AdminHandlers
INFO  - 2014-08-05 09:21:44.181; org.apache.solr.core.RequestHandlers; created /admin/ping: solr.PingRequestHandler
INFO  - 2014-08-05 09:21:44.181; org.apache.solr.core.RequestHandlers; created /debug/dump: solr.DumpRequestHandler
INFO  - 2014-08-05 09:21:44.196; org.apache.solr.core.RequestHandlers; created /replication: solr.ReplicationHandler
INFO  - 2014-08-05 09:21:44.196; org.apache.solr.core.RequestHandlers; created /spellCheckCompRH: solr.SearchHandler
INFO  - 2014-08-05 09:21:44.196; org.apache.solr.core.RequestHandlers; adding lazy requestHandler: solr.SearchHandler
INFO  - 2014-08-05 09:21:44.196; org.apache.solr.core.RequestHandlers; created /spell: solr.SearchHandler
INFO  - 2014-08-05 09:21:44.196; org.apache.solr.core.RequestHandlers; created /suggest: solr.SearchHandler
INFO  - 2014-08-05 09:21:44.196; org.apache.solr.core.RequestHandlers; adding lazy requestHandler: solr.SearchHandler
INFO  - 2014-08-05 09:21:44.196; org.apache.solr.core.RequestHandlers; created /tvrh: solr.SearchHandler
INFO  - 2014-08-05 09:21:44.196; org.apache.solr.core.RequestHandlers; adding lazy requestHandler: solr.SearchHandler
INFO  - 2014-08-05 09:21:44.196; org.apache.solr.core.RequestHandlers; created /terms: solr.SearchHandler
INFO  - 2014-08-05 09:21:44.196; org.apache.solr.core.RequestHandlers; adding lazy requestHandler: solr.SearchHandler
INFO  - 2014-08-05 09:21:44.196; org.apache.solr.core.RequestHandlers; created /elevate: solr.SearchHandler
INFO  - 2014-08-05 09:21:44.196; org.apache.solr.core.RequestHandlers; created /suggest_phrase: org.apache.solr.handler.component.SearchHandler
INFO  - 2014-08-05 09:21:44.212; org.apache.solr.handler.loader.XMLLoader; xsltCacheLifetimeSeconds=60
INFO  - 2014-08-05 09:21:44.212; org.apache.solr.handler.loader.XMLLoader; xsltCacheLifetimeSeconds=60
INFO  - 2014-08-05 09:21:44.212; org.apache.solr.handler.loader.XMLLoader; xsltCacheLifetimeSeconds=60
INFO  - 2014-08-05 09:21:44.259; org.apache.solr.update.CommitTracker; Hard AutoCommit: if uncommited for 15000ms; 
INFO  - 2014-08-05 09:21:44.259; org.apache.solr.update.CommitTracker; Soft AutoCommit: disabled
INFO  - 2014-08-05 09:21:44.352; org.apache.solr.core.SolrDeletionPolicy; SolrDeletionPolicy.onInit: commits: num=1
	commit{dir=NRTCachingDirectory(MMapDirectory@C:\Users\Jonathan\Documents\IRWeabsearch\solr\example\solr\collection1\data\index lockFactory=NativeFSLockFactory@C:\Users\Jonathan\Documents\IRWeabsearch\solr\example\solr\collection1\data\index; maxCacheMB=48.0 maxMergeSizeMB=4.0),segFN=segments_b6,generation=402}
INFO  - 2014-08-05 09:21:44.352; org.apache.solr.core.SolrDeletionPolicy; newest commit generation = 402
INFO  - 2014-08-05 09:21:44.477; org.apache.solr.search.SolrIndexSearcher; Opening Searcher@7646e3cc[collection1] main
INFO  - 2014-08-05 09:21:44.477; org.apache.solr.rest.ManagedResourceStorage$FileStorageIO; File-based storage initialized to use dir: C:\users\jonathan\documents\irweabsearch\solr\example\solr\collection1\conf
INFO  - 2014-08-05 09:21:44.477; org.apache.solr.rest.RestManager; Initializing RestManager with initArgs: {storageDir=C:\users\jonathan\documents\irweabsearch\solr\example\solr\collection1\conf\}
INFO  - 2014-08-05 09:21:44.493; org.apache.solr.rest.ManagedResourceStorage; Reading _rest_managed.json using file:dir=C:\users\jonathan\documents\irweabsearch\solr\example\solr\collection1\conf
WARN  - 2014-08-05 09:21:44.493; org.apache.solr.rest.ManagedResource; No stored data found for /rest/managed
WARN  - 2014-08-05 09:21:44.493; org.apache.solr.rest.ManagedResource; No registered observers for /rest/managed
INFO  - 2014-08-05 09:21:44.493; org.apache.solr.rest.RestManager; Initializing 0 registered ManagedResources
INFO  - 2014-08-05 09:21:44.493; org.apache.solr.handler.component.SpellCheckComponent; Initializing spell checkers
INFO  - 2014-08-05 09:21:44.509; org.apache.solr.handler.component.SpellCheckComponent; Registering newSearcher listener for spellchecker: default
INFO  - 2014-08-05 09:21:44.509; org.apache.solr.handler.component.SuggestComponent; Initializing SuggestComponent
INFO  - 2014-08-05 09:21:44.524; org.apache.solr.spelling.suggest.SolrSuggester; init: {name=mySuggester,lookupImpl=FuzzyLookupFactory,dictionaryImpl=DocumentDictionaryFactory,field=cat,weightField=price,suggestAnalyzerFieldType=string}
INFO  - 2014-08-05 09:21:44.540; org.apache.solr.spelling.suggest.SolrSuggester; Dictionary loaded with params: {name=mySuggester,lookupImpl=FuzzyLookupFactory,dictionaryImpl=DocumentDictionaryFactory,field=cat,weightField=price,suggestAnalyzerFieldType=string}
INFO  - 2014-08-05 09:21:44.540; org.apache.solr.handler.component.QueryElevationComponent; Loading QueryElevation from: C:\users\jonathan\documents\irweabsearch\solr\example\solr\collection1\conf\elevate.xml
INFO  - 2014-08-05 09:21:44.634; org.apache.solr.handler.component.SpellCheckComponent; Initializing spell checkers
INFO  - 2014-08-05 09:21:44.634; org.apache.solr.spelling.suggest.Suggester; init: {name=suggest_phrase,classname=org.apache.solr.spelling.suggest.Suggester,lookupImpl=org.apache.solr.spelling.suggest.jaspell.JaspellLookupFactory,field=suggest_phrase,buildOnCommit=true,spellcheckIndexDir=C:\spellchecker,thresholdTokenFrequency=0.005,threshold=0.005}
INFO  - 2014-08-05 09:21:44.634; org.apache.solr.spelling.suggest.jaspell.JaspellLookupFactory; init: {name=suggest_phrase,classname=org.apache.solr.spelling.suggest.Suggester,lookupImpl=org.apache.solr.spelling.suggest.jaspell.JaspellLookupFactory,field=suggest_phrase,buildOnCommit=true,spellcheckIndexDir=C:\spellchecker,thresholdTokenFrequency=0.005,threshold=0.005}
INFO  - 2014-08-05 09:21:44.634; org.apache.solr.handler.component.SpellCheckComponent; Registering newSearcher listener for spellchecker: suggest_phrase
INFO  - 2014-08-05 09:21:44.649; org.apache.solr.handler.ReplicationHandler; Commits will be reserved for  10000
INFO  - 2014-08-05 09:21:44.649; org.apache.solr.core.QuerySenderListener; QuerySenderListener sending requests to Searcher@7646e3cc[collection1] main{StandardDirectoryReader(segments_b6:1326:nrt _9z(4.8):C7277/638:delGen=8 _ct(4.8):C4707 _dd(4.8):C1190 _do(4.8):C656 _dp(4.8):C73)}
INFO  - 2014-08-05 09:21:44.649; org.apache.solr.core.CoreContainer; registering core: collection1
INFO  - 2014-08-05 09:21:44.649; org.apache.solr.servlet.SolrDispatchFilter; user.dir=C:\users\jonathan\documents\irweabsearch\solr\example
INFO  - 2014-08-05 09:21:44.649; org.apache.solr.servlet.SolrDispatchFilter; SolrDispatchFilter.init() done
ERROR - 2014-08-05 09:21:44.696; org.apache.solr.common.SolrException; org.apache.solr.common.SolrException: undefined field text
	at org.apache.solr.schema.IndexSchema.getDynamicFieldType(IndexSchema.java:1246)
	at org.apache.solr.schema.IndexSchema$SolrQueryAnalyzer.getWrappedAnalyzer(IndexSchema.java:419)
	at org.apache.lucene.analysis.AnalyzerWrapper.initReader(AnalyzerWrapper.java:117)
	at org.apache.lucene.analysis.Analyzer.tokenStream(Analyzer.java:178)
	at org.apache.lucene.util.QueryBuilder.createFieldQuery(QueryBuilder.java:207)
	at org.apache.solr.parser.SolrQueryParserBase.newFieldQuery(SolrQueryParserBase.java:375)
	at org.apache.solr.parser.SolrQueryParserBase.getFieldQuery(SolrQueryParserBase.java:743)
	at org.apache.solr.parser.SolrQueryParserBase.handleBareTokenQuery(SolrQueryParserBase.java:542)
	at org.apache.solr.parser.QueryParser.Term(QueryParser.java:299)
	at org.apache.solr.parser.QueryParser.Clause(QueryParser.java:185)
	at org.apache.solr.parser.QueryParser.Query(QueryParser.java:107)
	at org.apache.solr.parser.QueryParser.TopLevelQuery(QueryParser.java:96)
	at org.apache.solr.parser.SolrQueryParserBase.parse(SolrQueryParserBase.java:152)
	at org.apache.solr.search.LuceneQParser.parse(LuceneQParser.java:50)
	at org.apache.solr.search.QParser.getQuery(QParser.java:141)
	at org.apache.solr.handler.component.QueryComponent.prepare(QueryComponent.java:145)
	at org.apache.solr.handler.component.SearchHandler.handleRequestBody(SearchHandler.java:197)
	at org.apache.solr.handler.RequestHandlerBase.handleRequest(RequestHandlerBase.java:135)
	at org.apache.solr.core.SolrCore.execute(SolrCore.java:1952)
	at org.apache.solr.core.QuerySenderListener.newSearcher(QuerySenderListener.java:64)
	at org.apache.solr.core.SolrCore$5.call(SolrCore.java:1724)
	at java.util.concurrent.FutureTask.run(Unknown Source)
	at java.util.concurrent.ThreadPoolExecutor.runWorker(Unknown Source)
	at java.util.concurrent.ThreadPoolExecutor$Worker.run(Unknown Source)
	at java.lang.Thread.run(Unknown Source)

INFO  - 2014-08-05 09:21:44.696; org.eclipse.jetty.server.AbstractConnector; Started SocketConnector@0.0.0.0:8983
INFO  - 2014-08-05 09:21:44.806; org.apache.solr.core.SolrCore; [collection1] webapp=null path=null params={q=static+firstSearcher+warming+in+solrconfig.xml&distrib=false&event=firstSearcher} status=400 QTime=157 
INFO  - 2014-08-05 09:21:44.806; org.apache.solr.core.QuerySenderListener; QuerySenderListener done.
INFO  - 2014-08-05 09:21:44.806; org.apache.solr.handler.component.SpellCheckComponent$SpellCheckerListener; Loading spell index for spellchecker: default
INFO  - 2014-08-05 09:21:44.806; org.apache.solr.handler.component.SpellCheckComponent$SpellCheckerListener; Loading spell index for spellchecker: wordbreak
INFO  - 2014-08-05 09:21:44.806; org.apache.solr.handler.component.SuggestComponent$SuggesterListener; Loading suggester index for: mySuggester
INFO  - 2014-08-05 09:21:44.806; org.apache.solr.spelling.suggest.SolrSuggester; reload()
INFO  - 2014-08-05 09:21:44.806; org.apache.solr.spelling.suggest.SolrSuggester; build()
INFO  - 2014-08-05 09:21:45.524; org.apache.solr.handler.component.SpellCheckComponent$SpellCheckerListener; Loading spell index for spellchecker: suggest_phrase
INFO  - 2014-08-05 09:21:45.524; org.apache.solr.spelling.suggest.Suggester; reload()
INFO  - 2014-08-05 09:21:45.524; org.apache.solr.spelling.suggest.Suggester; build()
INFO  - 2014-08-05 09:21:45.806; org.apache.solr.core.SolrCore; [collection1] Registered new searcher Searcher@7646e3cc[collection1] main{StandardDirectoryReader(segments_b6:1326:nrt _9z(4.8):C7277/638:delGen=8 _ct(4.8):C4707 _dd(4.8):C1190 _do(4.8):C656 _dp(4.8):C73)}
INFO  - 2014-08-05 09:21:50.420; org.apache.solr.core.SolrCore; [collection1] webapp=/solr path=/keks params={} hits=13265 status=0 QTime=142 
INFO  - 2014-08-06 18:21:43.375; org.eclipse.jetty.server.Server; jetty-8.1.10.v20130312
INFO  - 2014-08-06 18:21:43.401; org.eclipse.jetty.deploy.providers.ScanningAppProvider; Deployment monitor C:\Users\Jonathan\Documents\IRWeabsearch\solr\example\contexts at interval 0
INFO  - 2014-08-06 18:21:43.411; org.eclipse.jetty.deploy.DeploymentManager; Deployable added: C:\Users\Jonathan\Documents\IRWeabsearch\solr\example\contexts\solr-jetty-context.xml
INFO  - 2014-08-06 18:21:45.433; org.eclipse.jetty.webapp.StandardDescriptorProcessor; NO JSP Support for /solr, did not find org.apache.jasper.servlet.JspServlet
INFO  - 2014-08-06 18:21:45.519; org.apache.solr.servlet.SolrDispatchFilter; SolrDispatchFilter.init()
INFO  - 2014-08-06 18:21:45.537; org.apache.solr.core.SolrResourceLoader; JNDI not configured for solr (NoInitialContextEx)
INFO  - 2014-08-06 18:21:45.538; org.apache.solr.core.SolrResourceLoader; solr home defaulted to 'solr/' (could not find system property or JNDI)
INFO  - 2014-08-06 18:21:45.539; org.apache.solr.core.SolrResourceLoader; new SolrResourceLoader for directory: 'solr/'
INFO  - 2014-08-06 18:21:45.697; org.apache.solr.core.ConfigSolr; Loading container configuration from C:\users\jonathan\documents\irweabsearch\solr\example\solr\solr.xml
INFO  - 2014-08-06 18:21:45.806; org.apache.solr.core.CorePropertiesLocator; Config-defined core root directory: C:\users\jonathan\documents\irweabsearch\solr\example\solr
INFO  - 2014-08-06 18:21:45.816; org.apache.solr.core.CoreContainer; New CoreContainer 71706941
INFO  - 2014-08-06 18:21:45.817; org.apache.solr.core.CoreContainer; Loading cores into CoreContainer [instanceDir=solr/]
INFO  - 2014-08-06 18:21:45.835; org.apache.solr.handler.component.HttpShardHandlerFactory; Setting socketTimeout to: 0
INFO  - 2014-08-06 18:21:45.835; org.apache.solr.handler.component.HttpShardHandlerFactory; Setting urlScheme to: null
INFO  - 2014-08-06 18:21:45.840; org.apache.solr.handler.component.HttpShardHandlerFactory; Setting connTimeout to: 0
INFO  - 2014-08-06 18:21:45.841; org.apache.solr.handler.component.HttpShardHandlerFactory; Setting maxConnectionsPerHost to: 20
INFO  - 2014-08-06 18:21:45.843; org.apache.solr.handler.component.HttpShardHandlerFactory; Setting corePoolSize to: 0
INFO  - 2014-08-06 18:21:45.844; org.apache.solr.handler.component.HttpShardHandlerFactory; Setting maximumPoolSize to: 2147483647
INFO  - 2014-08-06 18:21:45.844; org.apache.solr.handler.component.HttpShardHandlerFactory; Setting maxThreadIdleTime to: 5
INFO  - 2014-08-06 18:21:45.844; org.apache.solr.handler.component.HttpShardHandlerFactory; Setting sizeOfQueue to: -1
INFO  - 2014-08-06 18:21:45.845; org.apache.solr.handler.component.HttpShardHandlerFactory; Setting fairnessPolicy to: false
INFO  - 2014-08-06 18:21:46.104; org.apache.solr.logging.LogWatcher; SLF4J impl is org.slf4j.impl.Log4jLoggerFactory
INFO  - 2014-08-06 18:21:46.105; org.apache.solr.logging.LogWatcher; Registering Log Listener [Log4j (org.slf4j.impl.Log4jLoggerFactory)]
INFO  - 2014-08-06 18:21:46.106; org.apache.solr.core.CoreContainer; Host Name: 
INFO  - 2014-08-06 18:21:46.146; org.apache.solr.core.CorePropertiesLocator; Looking for core definitions underneath C:\users\jonathan\documents\irweabsearch\solr\example\solr
INFO  - 2014-08-06 18:21:46.165; org.apache.solr.core.CorePropertiesLocator; Found core collection1 in C:\users\jonathan\documents\irweabsearch\solr\example\solr\collection1\
INFO  - 2014-08-06 18:21:46.166; org.apache.solr.core.CorePropertiesLocator; Found 1 core definitions
INFO  - 2014-08-06 18:21:46.168; org.apache.solr.core.SolrResourceLoader; new SolrResourceLoader for directory: 'C:\users\jonathan\documents\irweabsearch\solr\example\solr\collection1\'
INFO  - 2014-08-06 18:21:46.265; org.apache.solr.core.SolrConfig; Adding specified lib dirs to ClassLoader
INFO  - 2014-08-06 18:21:46.268; org.apache.solr.core.SolrResourceLoader; Adding 'file:/C:/users/jonathan/documents/irweabsearch/solr/contrib/extraction/lib/apache-mime4j-core-0.7.2.jar' to classloader
INFO  - 2014-08-06 18:21:46.269; org.apache.solr.core.SolrResourceLoader; Adding 'file:/C:/users/jonathan/documents/irweabsearch/solr/contrib/extraction/lib/apache-mime4j-dom-0.7.2.jar' to classloader
INFO  - 2014-08-06 18:21:46.270; org.apache.solr.core.SolrResourceLoader; Adding 'file:/C:/users/jonathan/documents/irweabsearch/solr/contrib/extraction/lib/asm-3.1.jar' to classloader
INFO  - 2014-08-06 18:21:46.270; org.apache.solr.core.SolrResourceLoader; Adding 'file:/C:/users/jonathan/documents/irweabsearch/solr/contrib/extraction/lib/aspectjrt-1.6.11.jar' to classloader
INFO  - 2014-08-06 18:21:46.271; org.apache.solr.core.SolrResourceLoader; Adding 'file:/C:/users/jonathan/documents/irweabsearch/solr/contrib/extraction/lib/bcmail-jdk15-1.45.jar' to classloader
INFO  - 2014-08-06 18:21:46.271; org.apache.solr.core.SolrResourceLoader; Adding 'file:/C:/users/jonathan/documents/irweabsearch/solr/contrib/extraction/lib/bcprov-jdk15-1.45.jar' to classloader
INFO  - 2014-08-06 18:21:46.272; org.apache.solr.core.SolrResourceLoader; Adding 'file:/C:/users/jonathan/documents/irweabsearch/solr/contrib/extraction/lib/boilerpipe-1.1.0.jar' to classloader
INFO  - 2014-08-06 18:21:46.272; org.apache.solr.core.SolrResourceLoader; Adding 'file:/C:/users/jonathan/documents/irweabsearch/solr/contrib/extraction/lib/commons-compress-1.7.jar' to classloader
INFO  - 2014-08-06 18:21:46.273; org.apache.solr.core.SolrResourceLoader; Adding 'file:/C:/users/jonathan/documents/irweabsearch/solr/contrib/extraction/lib/dom4j-1.6.1.jar' to classloader
INFO  - 2014-08-06 18:21:46.273; org.apache.solr.core.SolrResourceLoader; Adding 'file:/C:/users/jonathan/documents/irweabsearch/solr/contrib/extraction/lib/fontbox-1.8.4.jar' to classloader
INFO  - 2014-08-06 18:21:46.274; org.apache.solr.core.SolrResourceLoader; Adding 'file:/C:/users/jonathan/documents/irweabsearch/solr/contrib/extraction/lib/icu4j-52.1.jar' to classloader
INFO  - 2014-08-06 18:21:46.274; org.apache.solr.core.SolrResourceLoader; Adding 'file:/C:/users/jonathan/documents/irweabsearch/solr/contrib/extraction/lib/isoparser-1.0-RC-1.jar' to classloader
INFO  - 2014-08-06 18:21:46.275; org.apache.solr.core.SolrResourceLoader; Adding 'file:/C:/users/jonathan/documents/irweabsearch/solr/contrib/extraction/lib/jdom-1.0.jar' to classloader
INFO  - 2014-08-06 18:21:46.275; org.apache.solr.core.SolrResourceLoader; Adding 'file:/C:/users/jonathan/documents/irweabsearch/solr/contrib/extraction/lib/jempbox-1.8.4.jar' to classloader
INFO  - 2014-08-06 18:21:46.276; org.apache.solr.core.SolrResourceLoader; Adding 'file:/C:/users/jonathan/documents/irweabsearch/solr/contrib/extraction/lib/juniversalchardet-1.0.3.jar' to classloader
INFO  - 2014-08-06 18:21:46.276; org.apache.solr.core.SolrResourceLoader; Adding 'file:/C:/users/jonathan/documents/irweabsearch/solr/contrib/extraction/lib/metadata-extractor-2.6.2.jar' to classloader
INFO  - 2014-08-06 18:21:46.276; org.apache.solr.core.SolrResourceLoader; Adding 'file:/C:/users/jonathan/documents/irweabsearch/solr/contrib/extraction/lib/netcdf-4.2-min.jar' to classloader
INFO  - 2014-08-06 18:21:46.277; org.apache.solr.core.SolrResourceLoader; Adding 'file:/C:/users/jonathan/documents/irweabsearch/solr/contrib/extraction/lib/pdfbox-1.8.4.jar' to classloader
INFO  - 2014-08-06 18:21:46.277; org.apache.solr.core.SolrResourceLoader; Adding 'file:/C:/users/jonathan/documents/irweabsearch/solr/contrib/extraction/lib/poi-3.10-beta2.jar' to classloader
INFO  - 2014-08-06 18:21:46.278; org.apache.solr.core.SolrResourceLoader; Adding 'file:/C:/users/jonathan/documents/irweabsearch/solr/contrib/extraction/lib/poi-ooxml-3.10-beta2.jar' to classloader
INFO  - 2014-08-06 18:21:46.279; org.apache.solr.core.SolrResourceLoader; Adding 'file:/C:/users/jonathan/documents/irweabsearch/solr/contrib/extraction/lib/poi-ooxml-schemas-3.10-beta2.jar' to classloader
INFO  - 2014-08-06 18:21:46.279; org.apache.solr.core.SolrResourceLoader; Adding 'file:/C:/users/jonathan/documents/irweabsearch/solr/contrib/extraction/lib/poi-scratchpad-3.10-beta2.jar' to classloader
INFO  - 2014-08-06 18:21:46.280; org.apache.solr.core.SolrResourceLoader; Adding 'file:/C:/users/jonathan/documents/irweabsearch/solr/contrib/extraction/lib/rome-0.9.jar' to classloader
INFO  - 2014-08-06 18:21:46.280; org.apache.solr.core.SolrResourceLoader; Adding 'file:/C:/users/jonathan/documents/irweabsearch/solr/contrib/extraction/lib/tagsoup-1.2.1.jar' to classloader
INFO  - 2014-08-06 18:21:46.280; org.apache.solr.core.SolrResourceLoader; Adding 'file:/C:/users/jonathan/documents/irweabsearch/solr/contrib/extraction/lib/tika-core-1.5.jar' to classloader
INFO  - 2014-08-06 18:21:46.281; org.apache.solr.core.SolrResourceLoader; Adding 'file:/C:/users/jonathan/documents/irweabsearch/solr/contrib/extraction/lib/tika-parsers-1.5.jar' to classloader
INFO  - 2014-08-06 18:21:46.281; org.apache.solr.core.SolrResourceLoader; Adding 'file:/C:/users/jonathan/documents/irweabsearch/solr/contrib/extraction/lib/tika-xmp-1.5.jar' to classloader
INFO  - 2014-08-06 18:21:46.282; org.apache.solr.core.SolrResourceLoader; Adding 'file:/C:/users/jonathan/documents/irweabsearch/solr/contrib/extraction/lib/vorbis-java-core-0.1.jar' to classloader
INFO  - 2014-08-06 18:21:46.282; org.apache.solr.core.SolrResourceLoader; Adding 'file:/C:/users/jonathan/documents/irweabsearch/solr/contrib/extraction/lib/vorbis-java-tika-0.1.jar' to classloader
INFO  - 2014-08-06 18:21:46.282; org.apache.solr.core.SolrResourceLoader; Adding 'file:/C:/users/jonathan/documents/irweabsearch/solr/contrib/extraction/lib/xercesImpl-2.9.1.jar' to classloader
INFO  - 2014-08-06 18:21:46.283; org.apache.solr.core.SolrResourceLoader; Adding 'file:/C:/users/jonathan/documents/irweabsearch/solr/contrib/extraction/lib/xmlbeans-2.3.0.jar' to classloader
INFO  - 2014-08-06 18:21:46.284; org.apache.solr.core.SolrResourceLoader; Adding 'file:/C:/users/jonathan/documents/irweabsearch/solr/contrib/extraction/lib/xmpcore-5.1.2.jar' to classloader
INFO  - 2014-08-06 18:21:46.284; org.apache.solr.core.SolrResourceLoader; Adding 'file:/C:/users/jonathan/documents/irweabsearch/solr/contrib/extraction/lib/xz-1.2.jar' to classloader
INFO  - 2014-08-06 18:21:46.286; org.apache.solr.core.SolrResourceLoader; Adding 'file:/C:/users/jonathan/documents/irweabsearch/solr/dist/solr-cell-4.8.0.jar' to classloader
INFO  - 2014-08-06 18:21:46.288; org.apache.solr.core.SolrResourceLoader; Adding 'file:/C:/users/jonathan/documents/irweabsearch/solr/contrib/clustering/lib/attributes-binder-1.2.1.jar' to classloader
INFO  - 2014-08-06 18:21:46.289; org.apache.solr.core.SolrResourceLoader; Adding 'file:/C:/users/jonathan/documents/irweabsearch/solr/contrib/clustering/lib/carrot2-mini-3.9.0.jar' to classloader
INFO  - 2014-08-06 18:21:46.289; org.apache.solr.core.SolrResourceLoader; Adding 'file:/C:/users/jonathan/documents/irweabsearch/solr/contrib/clustering/lib/hppc-0.5.2.jar' to classloader
INFO  - 2014-08-06 18:21:46.290; org.apache.solr.core.SolrResourceLoader; Adding 'file:/C:/users/jonathan/documents/irweabsearch/solr/contrib/clustering/lib/jackson-core-asl-1.9.13.jar' to classloader
INFO  - 2014-08-06 18:21:46.290; org.apache.solr.core.SolrResourceLoader; Adding 'file:/C:/users/jonathan/documents/irweabsearch/solr/contrib/clustering/lib/jackson-mapper-asl-1.9.13.jar' to classloader
INFO  - 2014-08-06 18:21:46.290; org.apache.solr.core.SolrResourceLoader; Adding 'file:/C:/users/jonathan/documents/irweabsearch/solr/contrib/clustering/lib/mahout-collections-1.0.jar' to classloader
INFO  - 2014-08-06 18:21:46.291; org.apache.solr.core.SolrResourceLoader; Adding 'file:/C:/users/jonathan/documents/irweabsearch/solr/contrib/clustering/lib/mahout-math-0.6.jar' to classloader
INFO  - 2014-08-06 18:21:46.291; org.apache.solr.core.SolrResourceLoader; Adding 'file:/C:/users/jonathan/documents/irweabsearch/solr/contrib/clustering/lib/simple-xml-2.7.jar' to classloader
INFO  - 2014-08-06 18:21:46.292; org.apache.solr.core.SolrResourceLoader; Adding 'file:/C:/users/jonathan/documents/irweabsearch/solr/dist/solr-clustering-4.8.0.jar' to classloader
INFO  - 2014-08-06 18:21:46.294; org.apache.solr.core.SolrResourceLoader; Adding 'file:/C:/users/jonathan/documents/irweabsearch/solr/contrib/langid/lib/jsonic-1.2.7.jar' to classloader
INFO  - 2014-08-06 18:21:46.295; org.apache.solr.core.SolrResourceLoader; Adding 'file:/C:/users/jonathan/documents/irweabsearch/solr/contrib/langid/lib/langdetect-1.1-20120112.jar' to classloader
INFO  - 2014-08-06 18:21:46.296; org.apache.solr.core.SolrResourceLoader; Adding 'file:/C:/users/jonathan/documents/irweabsearch/solr/dist/solr-langid-4.8.0.jar' to classloader
INFO  - 2014-08-06 18:21:46.297; org.apache.solr.core.SolrResourceLoader; Adding 'file:/C:/users/jonathan/documents/irweabsearch/solr/contrib/velocity/lib/commons-beanutils-1.7.0.jar' to classloader
INFO  - 2014-08-06 18:21:46.298; org.apache.solr.core.SolrResourceLoader; Adding 'file:/C:/users/jonathan/documents/irweabsearch/solr/contrib/velocity/lib/commons-collections-3.2.1.jar' to classloader
INFO  - 2014-08-06 18:21:46.298; org.apache.solr.core.SolrResourceLoader; Adding 'file:/C:/users/jonathan/documents/irweabsearch/solr/contrib/velocity/lib/velocity-1.7.jar' to classloader
INFO  - 2014-08-06 18:21:46.298; org.apache.solr.core.SolrResourceLoader; Adding 'file:/C:/users/jonathan/documents/irweabsearch/solr/contrib/velocity/lib/velocity-tools-2.0.jar' to classloader
INFO  - 2014-08-06 18:21:46.299; org.apache.solr.core.SolrResourceLoader; Adding 'file:/C:/users/jonathan/documents/irweabsearch/solr/dist/solr-velocity-4.8.0.jar' to classloader
INFO  - 2014-08-06 18:21:46.625; org.apache.solr.update.SolrIndexConfig; IndexWriter infoStream solr logging is enabled
INFO  - 2014-08-06 18:21:46.633; org.apache.solr.core.SolrConfig; Using Lucene MatchVersion: LUCENE_48
INFO  - 2014-08-06 18:21:46.959; org.apache.solr.core.SolrConfig; Loaded SolrConfig: solrconfig.xml
INFO  - 2014-08-06 18:21:46.971; org.apache.solr.schema.IndexSchema; Reading Solr Schema from schema.xml
INFO  - 2014-08-06 18:21:46.989; org.apache.solr.schema.IndexSchema; [collection1] Schema name=nutch
INFO  - 2014-08-06 18:21:47.074; org.apache.solr.schema.IndexSchema; default search field in schema is content
INFO  - 2014-08-06 18:21:47.075; org.apache.solr.schema.IndexSchema; query parser default operator is OR
INFO  - 2014-08-06 18:21:47.075; org.apache.solr.schema.IndexSchema; unique key field: id
INFO  - 2014-08-06 18:21:47.099; org.apache.solr.core.CoreContainer; Creating SolrCore 'collection1' using configuration from instancedir C:\users\jonathan\documents\irweabsearch\solr\example\solr\collection1\
INFO  - 2014-08-06 18:21:47.119; org.apache.solr.core.SolrCore; solr.NRTCachingDirectoryFactory
INFO  - 2014-08-06 18:21:47.128; org.apache.solr.core.SolrCore; [collection1] Opening new SolrCore at C:\users\jonathan\documents\irweabsearch\solr\example\solr\collection1\, dataDir=C:\Users\Jonathan\Documents\IRWeabsearch\solr\example\solr\collection1\data\
INFO  - 2014-08-06 18:21:47.129; org.apache.solr.core.JmxMonitoredMap; No JMX servers found, not exposing Solr information with JMX.
INFO  - 2014-08-06 18:21:47.135; org.apache.solr.core.SolrCore; [collection1] Added SolrEventListener for newSearcher: org.apache.solr.core.QuerySenderListener{queries=[]}
INFO  - 2014-08-06 18:21:47.135; org.apache.solr.core.SolrCore; [collection1] Added SolrEventListener for firstSearcher: org.apache.solr.core.QuerySenderListener{queries=[{q=static firstSearcher warming in solrconfig.xml}]}
INFO  - 2014-08-06 18:21:47.154; org.apache.solr.core.CachingDirectoryFactory; return new directory for C:\Users\Jonathan\Documents\IRWeabsearch\solr\example\solr\collection1\data
INFO  - 2014-08-06 18:21:47.160; org.apache.solr.core.SolrCore; New index directory detected: old=null new=C:\Users\Jonathan\Documents\IRWeabsearch\solr\example\solr\collection1\data\index/
INFO  - 2014-08-06 18:21:47.161; org.apache.solr.core.CachingDirectoryFactory; return new directory for C:\Users\Jonathan\Documents\IRWeabsearch\solr\example\solr\collection1\data\index
INFO  - 2014-08-06 18:21:47.182; org.apache.solr.core.SolrCore; created json: solr.JSONResponseWriter
INFO  - 2014-08-06 18:21:47.182; org.apache.solr.core.SolrCore; adding lazy queryResponseWriter: solr.VelocityResponseWriter
INFO  - 2014-08-06 18:21:47.183; org.apache.solr.core.SolrCore; created velocity: solr.VelocityResponseWriter
INFO  - 2014-08-06 18:21:47.188; org.apache.solr.core.SolrCore; created xslt: solr.XSLTResponseWriter
INFO  - 2014-08-06 18:21:47.188; org.apache.solr.response.XSLTResponseWriter; xsltCacheLifetimeSeconds=5
INFO  - 2014-08-06 18:21:47.288; org.apache.solr.core.SolrCore; no updateRequestProcessorChain defined as default, creating implicit default
INFO  - 2014-08-06 18:21:47.298; org.apache.solr.core.RequestHandlers; created /select: solr.SearchHandler
INFO  - 2014-08-06 18:21:47.299; org.apache.solr.core.RequestHandlers; created /query: solr.SearchHandler
INFO  - 2014-08-06 18:21:47.301; org.apache.solr.core.RequestHandlers; created /get: solr.RealTimeGetHandler
INFO  - 2014-08-06 18:21:47.301; org.apache.solr.core.RequestHandlers; created /browse: solr.SearchHandler
INFO  - 2014-08-06 18:21:47.301; org.apache.solr.core.RequestHandlers; created /keks: solr.SearchHandler
INFO  - 2014-08-06 18:21:47.305; org.apache.solr.core.RequestHandlers; created /update: solr.UpdateRequestHandler
INFO  - 2014-08-06 18:21:47.305; org.apache.solr.core.RequestHandlers; created /update/json: solr.UpdateRequestHandler
INFO  - 2014-08-06 18:21:47.305; org.apache.solr.core.RequestHandlers; created /update/csv: solr.UpdateRequestHandler
INFO  - 2014-08-06 18:21:47.305; org.apache.solr.core.RequestHandlers; adding lazy requestHandler: solr.extraction.ExtractingRequestHandler
INFO  - 2014-08-06 18:21:47.306; org.apache.solr.core.RequestHandlers; created /update/extract: solr.extraction.ExtractingRequestHandler
INFO  - 2014-08-06 18:21:47.306; org.apache.solr.core.RequestHandlers; adding lazy requestHandler: solr.FieldAnalysisRequestHandler
INFO  - 2014-08-06 18:21:47.306; org.apache.solr.core.RequestHandlers; created /analysis/field: solr.FieldAnalysisRequestHandler
INFO  - 2014-08-06 18:21:47.306; org.apache.solr.core.RequestHandlers; adding lazy requestHandler: solr.DocumentAnalysisRequestHandler
INFO  - 2014-08-06 18:21:47.306; org.apache.solr.core.RequestHandlers; created /analysis/document: solr.DocumentAnalysisRequestHandler
INFO  - 2014-08-06 18:21:47.308; org.apache.solr.core.RequestHandlers; created /admin/: solr.admin.AdminHandlers
INFO  - 2014-08-06 18:21:47.311; org.apache.solr.core.RequestHandlers; created /admin/ping: solr.PingRequestHandler
INFO  - 2014-08-06 18:21:47.313; org.apache.solr.core.RequestHandlers; created /debug/dump: solr.DumpRequestHandler
INFO  - 2014-08-06 18:21:47.324; org.apache.solr.core.RequestHandlers; created /replication: solr.ReplicationHandler
INFO  - 2014-08-06 18:21:47.325; org.apache.solr.core.RequestHandlers; created /spellCheckCompRH: solr.SearchHandler
INFO  - 2014-08-06 18:21:47.325; org.apache.solr.core.RequestHandlers; adding lazy requestHandler: solr.SearchHandler
INFO  - 2014-08-06 18:21:47.325; org.apache.solr.core.RequestHandlers; created /spell: solr.SearchHandler
INFO  - 2014-08-06 18:21:47.325; org.apache.solr.core.RequestHandlers; created /suggest: solr.SearchHandler
INFO  - 2014-08-06 18:21:47.326; org.apache.solr.core.RequestHandlers; adding lazy requestHandler: solr.SearchHandler
INFO  - 2014-08-06 18:21:47.326; org.apache.solr.core.RequestHandlers; created /tvrh: solr.SearchHandler
INFO  - 2014-08-06 18:21:47.326; org.apache.solr.core.RequestHandlers; adding lazy requestHandler: solr.SearchHandler
INFO  - 2014-08-06 18:21:47.326; org.apache.solr.core.RequestHandlers; created /terms: solr.SearchHandler
INFO  - 2014-08-06 18:21:47.326; org.apache.solr.core.RequestHandlers; adding lazy requestHandler: solr.SearchHandler
INFO  - 2014-08-06 18:21:47.327; org.apache.solr.core.RequestHandlers; created /elevate: solr.SearchHandler
INFO  - 2014-08-06 18:21:47.327; org.apache.solr.core.RequestHandlers; created /suggest_phrase: org.apache.solr.handler.component.SearchHandler
INFO  - 2014-08-06 18:21:47.344; org.apache.solr.handler.loader.XMLLoader; xsltCacheLifetimeSeconds=60
INFO  - 2014-08-06 18:21:47.346; org.apache.solr.handler.loader.XMLLoader; xsltCacheLifetimeSeconds=60
INFO  - 2014-08-06 18:21:47.347; org.apache.solr.handler.loader.XMLLoader; xsltCacheLifetimeSeconds=60
INFO  - 2014-08-06 18:21:47.389; org.apache.solr.update.CommitTracker; Hard AutoCommit: if uncommited for 15000ms; 
INFO  - 2014-08-06 18:21:47.390; org.apache.solr.update.CommitTracker; Soft AutoCommit: disabled
INFO  - 2014-08-06 18:21:47.480; org.apache.solr.core.SolrDeletionPolicy; SolrDeletionPolicy.onInit: commits: num=1
	commit{dir=NRTCachingDirectory(MMapDirectory@C:\Users\Jonathan\Documents\IRWeabsearch\solr\example\solr\collection1\data\index lockFactory=NativeFSLockFactory@C:\Users\Jonathan\Documents\IRWeabsearch\solr\example\solr\collection1\data\index; maxCacheMB=48.0 maxMergeSizeMB=4.0),segFN=segments_b6,generation=402}
INFO  - 2014-08-06 18:21:47.481; org.apache.solr.core.SolrDeletionPolicy; newest commit generation = 402
INFO  - 2014-08-06 18:21:47.670; org.apache.solr.search.SolrIndexSearcher; Opening Searcher@7991763b[collection1] main
INFO  - 2014-08-06 18:21:47.678; org.apache.solr.rest.ManagedResourceStorage$FileStorageIO; File-based storage initialized to use dir: C:\users\jonathan\documents\irweabsearch\solr\example\solr\collection1\conf
INFO  - 2014-08-06 18:21:47.678; org.apache.solr.rest.RestManager; Initializing RestManager with initArgs: {storageDir=C:\users\jonathan\documents\irweabsearch\solr\example\solr\collection1\conf\}
INFO  - 2014-08-06 18:21:47.687; org.apache.solr.rest.ManagedResourceStorage; Reading _rest_managed.json using file:dir=C:\users\jonathan\documents\irweabsearch\solr\example\solr\collection1\conf
WARN  - 2014-08-06 18:21:47.688; org.apache.solr.rest.ManagedResource; No stored data found for /rest/managed
WARN  - 2014-08-06 18:21:47.688; org.apache.solr.rest.ManagedResource; No registered observers for /rest/managed
INFO  - 2014-08-06 18:21:47.688; org.apache.solr.rest.RestManager; Initializing 0 registered ManagedResources
INFO  - 2014-08-06 18:21:47.688; org.apache.solr.handler.component.SpellCheckComponent; Initializing spell checkers
INFO  - 2014-08-06 18:21:47.699; org.apache.solr.handler.component.SpellCheckComponent; Registering newSearcher listener for spellchecker: default
INFO  - 2014-08-06 18:21:47.712; org.apache.solr.handler.component.SuggestComponent; Initializing SuggestComponent
INFO  - 2014-08-06 18:21:47.714; org.apache.solr.spelling.suggest.SolrSuggester; init: {name=mySuggester,lookupImpl=FuzzyLookupFactory,dictionaryImpl=DocumentDictionaryFactory,field=cat,weightField=price,suggestAnalyzerFieldType=string}
INFO  - 2014-08-06 18:21:47.729; org.apache.solr.spelling.suggest.SolrSuggester; Dictionary loaded with params: {name=mySuggester,lookupImpl=FuzzyLookupFactory,dictionaryImpl=DocumentDictionaryFactory,field=cat,weightField=price,suggestAnalyzerFieldType=string}
INFO  - 2014-08-06 18:21:47.731; org.apache.solr.handler.component.QueryElevationComponent; Loading QueryElevation from: C:\users\jonathan\documents\irweabsearch\solr\example\solr\collection1\conf\elevate.xml
INFO  - 2014-08-06 18:21:47.840; org.apache.solr.handler.component.SpellCheckComponent; Initializing spell checkers
INFO  - 2014-08-06 18:21:47.842; org.apache.solr.spelling.suggest.Suggester; init: {name=suggest_phrase,classname=org.apache.solr.spelling.suggest.Suggester,lookupImpl=org.apache.solr.spelling.suggest.jaspell.JaspellLookupFactory,field=suggest_phrase,buildOnCommit=true,spellcheckIndexDir=C:\spellchecker,thresholdTokenFrequency=0.005,threshold=0.005}
INFO  - 2014-08-06 18:21:47.843; org.apache.solr.spelling.suggest.jaspell.JaspellLookupFactory; init: {name=suggest_phrase,classname=org.apache.solr.spelling.suggest.Suggester,lookupImpl=org.apache.solr.spelling.suggest.jaspell.JaspellLookupFactory,field=suggest_phrase,buildOnCommit=true,spellcheckIndexDir=C:\spellchecker,thresholdTokenFrequency=0.005,threshold=0.005}
INFO  - 2014-08-06 18:21:47.845; org.apache.solr.handler.component.SpellCheckComponent; Registering newSearcher listener for spellchecker: suggest_phrase
INFO  - 2014-08-06 18:21:47.852; org.apache.solr.handler.ReplicationHandler; Commits will be reserved for  10000
INFO  - 2014-08-06 18:21:47.853; org.apache.solr.core.QuerySenderListener; QuerySenderListener sending requests to Searcher@7991763b[collection1] main{StandardDirectoryReader(segments_b6:1326:nrt _9z(4.8):C7277/638:delGen=8 _ct(4.8):C4707 _dd(4.8):C1190 _do(4.8):C656 _dp(4.8):C73)}
INFO  - 2014-08-06 18:21:47.854; org.apache.solr.core.CoreContainer; registering core: collection1
INFO  - 2014-08-06 18:21:47.856; org.apache.solr.servlet.SolrDispatchFilter; user.dir=C:\users\jonathan\documents\irweabsearch\solr\example
INFO  - 2014-08-06 18:21:47.857; org.apache.solr.servlet.SolrDispatchFilter; SolrDispatchFilter.init() done
ERROR - 2014-08-06 18:21:47.892; org.apache.solr.common.SolrException; org.apache.solr.common.SolrException: undefined field text
	at org.apache.solr.schema.IndexSchema.getDynamicFieldType(IndexSchema.java:1246)
	at org.apache.solr.schema.IndexSchema$SolrQueryAnalyzer.getWrappedAnalyzer(IndexSchema.java:419)
	at org.apache.lucene.analysis.AnalyzerWrapper.initReader(AnalyzerWrapper.java:117)
	at org.apache.lucene.analysis.Analyzer.tokenStream(Analyzer.java:178)
	at org.apache.lucene.util.QueryBuilder.createFieldQuery(QueryBuilder.java:207)
	at org.apache.solr.parser.SolrQueryParserBase.newFieldQuery(SolrQueryParserBase.java:375)
	at org.apache.solr.parser.SolrQueryParserBase.getFieldQuery(SolrQueryParserBase.java:743)
	at org.apache.solr.parser.SolrQueryParserBase.handleBareTokenQuery(SolrQueryParserBase.java:542)
	at org.apache.solr.parser.QueryParser.Term(QueryParser.java:299)
	at org.apache.solr.parser.QueryParser.Clause(QueryParser.java:185)
	at org.apache.solr.parser.QueryParser.Query(QueryParser.java:107)
	at org.apache.solr.parser.QueryParser.TopLevelQuery(QueryParser.java:96)
	at org.apache.solr.parser.SolrQueryParserBase.parse(SolrQueryParserBase.java:152)
	at org.apache.solr.search.LuceneQParser.parse(LuceneQParser.java:50)
	at org.apache.solr.search.QParser.getQuery(QParser.java:141)
	at org.apache.solr.handler.component.QueryComponent.prepare(QueryComponent.java:145)
	at org.apache.solr.handler.component.SearchHandler.handleRequestBody(SearchHandler.java:197)
	at org.apache.solr.handler.RequestHandlerBase.handleRequest(RequestHandlerBase.java:135)
	at org.apache.solr.core.SolrCore.execute(SolrCore.java:1952)
	at org.apache.solr.core.QuerySenderListener.newSearcher(QuerySenderListener.java:64)
	at org.apache.solr.core.SolrCore$5.call(SolrCore.java:1724)
	at java.util.concurrent.FutureTask.run(Unknown Source)
	at java.util.concurrent.ThreadPoolExecutor.runWorker(Unknown Source)
	at java.util.concurrent.ThreadPoolExecutor$Worker.run(Unknown Source)
	at java.lang.Thread.run(Unknown Source)

INFO  - 2014-08-06 18:21:47.899; org.eclipse.jetty.server.AbstractConnector; Started SocketConnector@0.0.0.0:8983
INFO  - 2014-08-06 18:21:48.006; org.apache.solr.core.SolrCore; [collection1] webapp=null path=null params={q=static+firstSearcher+warming+in+solrconfig.xml&distrib=false&event=firstSearcher} status=400 QTime=151 
INFO  - 2014-08-06 18:21:48.007; org.apache.solr.core.QuerySenderListener; QuerySenderListener done.
INFO  - 2014-08-06 18:21:48.007; org.apache.solr.handler.component.SpellCheckComponent$SpellCheckerListener; Loading spell index for spellchecker: default
INFO  - 2014-08-06 18:21:48.008; org.apache.solr.handler.component.SpellCheckComponent$SpellCheckerListener; Loading spell index for spellchecker: wordbreak
INFO  - 2014-08-06 18:21:48.008; org.apache.solr.handler.component.SuggestComponent$SuggesterListener; Loading suggester index for: mySuggester
INFO  - 2014-08-06 18:21:48.009; org.apache.solr.spelling.suggest.SolrSuggester; reload()
INFO  - 2014-08-06 18:21:48.009; org.apache.solr.spelling.suggest.SolrSuggester; build()
INFO  - 2014-08-06 18:21:48.746; org.apache.solr.handler.component.SpellCheckComponent$SpellCheckerListener; Loading spell index for spellchecker: suggest_phrase
INFO  - 2014-08-06 18:21:48.746; org.apache.solr.spelling.suggest.Suggester; reload()
INFO  - 2014-08-06 18:21:48.746; org.apache.solr.spelling.suggest.Suggester; build()
INFO  - 2014-08-06 18:21:49.063; org.apache.solr.core.SolrCore; [collection1] Registered new searcher Searcher@7991763b[collection1] main{StandardDirectoryReader(segments_b6:1326:nrt _9z(4.8):C7277/638:delGen=8 _ct(4.8):C4707 _dd(4.8):C1190 _do(4.8):C656 _dp(4.8):C73)}
INFO  - 2014-08-06 18:22:14.050; org.apache.solr.core.SolrCore; [collection1] webapp=/solr path=/suggest_phrase params={qt=/suggest_phrase&wt=javabin&version=2} status=0 QTime=3 
INFO  - 2014-08-06 18:22:14.204; org.apache.solr.core.SolrCore; [collection1] webapp=/solr path=/suggest_phrase params={q=g&qt=/suggest_phrase&wt=javabin&version=2} status=0 QTime=12 
INFO  - 2014-08-06 18:22:14.344; org.apache.solr.core.SolrCore; [collection1] webapp=/solr path=/suggest_phrase params={q=gr&qt=/suggest_phrase&wt=javabin&version=2} status=0 QTime=1 
INFO  - 2014-08-06 18:22:14.415; org.apache.solr.core.SolrCore; [collection1] webapp=/solr path=/suggest_phrase params={q=gri&qt=/suggest_phrase&wt=javabin&version=2} status=0 QTime=2 
INFO  - 2014-08-06 18:22:14.623; org.apache.solr.core.SolrCore; [collection1] webapp=/solr path=/suggest_phrase params={q=grip&qt=/suggest_phrase&wt=javabin&version=2} status=0 QTime=0 
INFO  - 2014-08-06 18:22:14.690; org.apache.solr.core.SolrCore; [collection1] webapp=/solr path=/suggest_phrase params={q=grips&qt=/suggest_phrase&wt=javabin&version=2} status=0 QTime=1 
INFO  - 2014-08-06 18:22:14.986; org.apache.solr.core.SolrCore; [collection1] webapp=/solr path=/keks params={q=grips&qt=/keks&wt=javabin&version=2} hits=390 status=0 QTime=158 
INFO  - 2014-08-09 15:53:54.762; org.eclipse.jetty.server.Server; jetty-8.1.10.v20130312
INFO  - 2014-08-09 15:53:54.791; org.eclipse.jetty.deploy.providers.ScanningAppProvider; Deployment monitor C:\Users\Jonathan\Documents\IRWeabsearch\solr\example\contexts at interval 0
INFO  - 2014-08-09 15:53:54.802; org.eclipse.jetty.deploy.DeploymentManager; Deployable added: C:\Users\Jonathan\Documents\IRWeabsearch\solr\example\contexts\solr-jetty-context.xml
INFO  - 2014-08-09 15:53:56.864; org.eclipse.jetty.webapp.StandardDescriptorProcessor; NO JSP Support for /solr, did not find org.apache.jasper.servlet.JspServlet
INFO  - 2014-08-09 15:53:56.942; org.apache.solr.servlet.SolrDispatchFilter; SolrDispatchFilter.init()
INFO  - 2014-08-09 15:53:56.959; org.apache.solr.core.SolrResourceLoader; JNDI not configured for solr (NoInitialContextEx)
INFO  - 2014-08-09 15:53:56.960; org.apache.solr.core.SolrResourceLoader; solr home defaulted to 'solr/' (could not find system property or JNDI)
INFO  - 2014-08-09 15:53:56.961; org.apache.solr.core.SolrResourceLoader; new SolrResourceLoader for directory: 'solr/'
INFO  - 2014-08-09 15:53:57.093; org.apache.solr.core.ConfigSolr; Loading container configuration from C:\users\jonathan\documents\irweabsearch\solr\example\solr\solr.xml
INFO  - 2014-08-09 15:53:57.211; org.apache.solr.core.CorePropertiesLocator; Config-defined core root directory: C:\users\jonathan\documents\irweabsearch\solr\example\solr
INFO  - 2014-08-09 15:53:57.225; org.apache.solr.core.CoreContainer; New CoreContainer 71706941
INFO  - 2014-08-09 15:53:57.226; org.apache.solr.core.CoreContainer; Loading cores into CoreContainer [instanceDir=solr/]
INFO  - 2014-08-09 15:53:57.245; org.apache.solr.handler.component.HttpShardHandlerFactory; Setting socketTimeout to: 0
INFO  - 2014-08-09 15:53:57.246; org.apache.solr.handler.component.HttpShardHandlerFactory; Setting urlScheme to: null
INFO  - 2014-08-09 15:53:57.251; org.apache.solr.handler.component.HttpShardHandlerFactory; Setting connTimeout to: 0
INFO  - 2014-08-09 15:53:57.252; org.apache.solr.handler.component.HttpShardHandlerFactory; Setting maxConnectionsPerHost to: 20
INFO  - 2014-08-09 15:53:57.254; org.apache.solr.handler.component.HttpShardHandlerFactory; Setting corePoolSize to: 0
INFO  - 2014-08-09 15:53:57.254; org.apache.solr.handler.component.HttpShardHandlerFactory; Setting maximumPoolSize to: 2147483647
INFO  - 2014-08-09 15:53:57.255; org.apache.solr.handler.component.HttpShardHandlerFactory; Setting maxThreadIdleTime to: 5
INFO  - 2014-08-09 15:53:57.255; org.apache.solr.handler.component.HttpShardHandlerFactory; Setting sizeOfQueue to: -1
INFO  - 2014-08-09 15:53:57.256; org.apache.solr.handler.component.HttpShardHandlerFactory; Setting fairnessPolicy to: false
INFO  - 2014-08-09 15:53:57.509; org.apache.solr.logging.LogWatcher; SLF4J impl is org.slf4j.impl.Log4jLoggerFactory
INFO  - 2014-08-09 15:53:57.510; org.apache.solr.logging.LogWatcher; Registering Log Listener [Log4j (org.slf4j.impl.Log4jLoggerFactory)]
INFO  - 2014-08-09 15:53:57.511; org.apache.solr.core.CoreContainer; Host Name: 
INFO  - 2014-08-09 15:53:57.554; org.apache.solr.core.CorePropertiesLocator; Looking for core definitions underneath C:\users\jonathan\documents\irweabsearch\solr\example\solr
INFO  - 2014-08-09 15:53:57.568; org.apache.solr.core.CorePropertiesLocator; Found core collection1 in C:\users\jonathan\documents\irweabsearch\solr\example\solr\collection1\
INFO  - 2014-08-09 15:53:57.570; org.apache.solr.core.CorePropertiesLocator; Found 1 core definitions
INFO  - 2014-08-09 15:53:57.573; org.apache.solr.core.SolrResourceLoader; new SolrResourceLoader for directory: 'C:\users\jonathan\documents\irweabsearch\solr\example\solr\collection1\'
INFO  - 2014-08-09 15:53:57.673; org.apache.solr.core.SolrConfig; Adding specified lib dirs to ClassLoader
INFO  - 2014-08-09 15:53:57.678; org.apache.solr.core.SolrResourceLoader; Adding 'file:/C:/users/jonathan/documents/irweabsearch/solr/contrib/extraction/lib/apache-mime4j-core-0.7.2.jar' to classloader
INFO  - 2014-08-09 15:53:57.679; org.apache.solr.core.SolrResourceLoader; Adding 'file:/C:/users/jonathan/documents/irweabsearch/solr/contrib/extraction/lib/apache-mime4j-dom-0.7.2.jar' to classloader
INFO  - 2014-08-09 15:53:57.679; org.apache.solr.core.SolrResourceLoader; Adding 'file:/C:/users/jonathan/documents/irweabsearch/solr/contrib/extraction/lib/asm-3.1.jar' to classloader
INFO  - 2014-08-09 15:53:57.680; org.apache.solr.core.SolrResourceLoader; Adding 'file:/C:/users/jonathan/documents/irweabsearch/solr/contrib/extraction/lib/aspectjrt-1.6.11.jar' to classloader
INFO  - 2014-08-09 15:53:57.681; org.apache.solr.core.SolrResourceLoader; Adding 'file:/C:/users/jonathan/documents/irweabsearch/solr/contrib/extraction/lib/bcmail-jdk15-1.45.jar' to classloader
INFO  - 2014-08-09 15:53:57.682; org.apache.solr.core.SolrResourceLoader; Adding 'file:/C:/users/jonathan/documents/irweabsearch/solr/contrib/extraction/lib/bcprov-jdk15-1.45.jar' to classloader
INFO  - 2014-08-09 15:53:57.682; org.apache.solr.core.SolrResourceLoader; Adding 'file:/C:/users/jonathan/documents/irweabsearch/solr/contrib/extraction/lib/boilerpipe-1.1.0.jar' to classloader
INFO  - 2014-08-09 15:53:57.683; org.apache.solr.core.SolrResourceLoader; Adding 'file:/C:/users/jonathan/documents/irweabsearch/solr/contrib/extraction/lib/commons-compress-1.7.jar' to classloader
INFO  - 2014-08-09 15:53:57.684; org.apache.solr.core.SolrResourceLoader; Adding 'file:/C:/users/jonathan/documents/irweabsearch/solr/contrib/extraction/lib/dom4j-1.6.1.jar' to classloader
INFO  - 2014-08-09 15:53:57.684; org.apache.solr.core.SolrResourceLoader; Adding 'file:/C:/users/jonathan/documents/irweabsearch/solr/contrib/extraction/lib/fontbox-1.8.4.jar' to classloader
INFO  - 2014-08-09 15:53:57.685; org.apache.solr.core.SolrResourceLoader; Adding 'file:/C:/users/jonathan/documents/irweabsearch/solr/contrib/extraction/lib/icu4j-52.1.jar' to classloader
INFO  - 2014-08-09 15:53:57.686; org.apache.solr.core.SolrResourceLoader; Adding 'file:/C:/users/jonathan/documents/irweabsearch/solr/contrib/extraction/lib/isoparser-1.0-RC-1.jar' to classloader
INFO  - 2014-08-09 15:53:57.686; org.apache.solr.core.SolrResourceLoader; Adding 'file:/C:/users/jonathan/documents/irweabsearch/solr/contrib/extraction/lib/jdom-1.0.jar' to classloader
INFO  - 2014-08-09 15:53:57.687; org.apache.solr.core.SolrResourceLoader; Adding 'file:/C:/users/jonathan/documents/irweabsearch/solr/contrib/extraction/lib/jempbox-1.8.4.jar' to classloader
INFO  - 2014-08-09 15:53:57.687; org.apache.solr.core.SolrResourceLoader; Adding 'file:/C:/users/jonathan/documents/irweabsearch/solr/contrib/extraction/lib/juniversalchardet-1.0.3.jar' to classloader
INFO  - 2014-08-09 15:53:57.688; org.apache.solr.core.SolrResourceLoader; Adding 'file:/C:/users/jonathan/documents/irweabsearch/solr/contrib/extraction/lib/metadata-extractor-2.6.2.jar' to classloader
INFO  - 2014-08-09 15:53:57.688; org.apache.solr.core.SolrResourceLoader; Adding 'file:/C:/users/jonathan/documents/irweabsearch/solr/contrib/extraction/lib/netcdf-4.2-min.jar' to classloader
INFO  - 2014-08-09 15:53:57.689; org.apache.solr.core.SolrResourceLoader; Adding 'file:/C:/users/jonathan/documents/irweabsearch/solr/contrib/extraction/lib/pdfbox-1.8.4.jar' to classloader
INFO  - 2014-08-09 15:53:57.690; org.apache.solr.core.SolrResourceLoader; Adding 'file:/C:/users/jonathan/documents/irweabsearch/solr/contrib/extraction/lib/poi-3.10-beta2.jar' to classloader
INFO  - 2014-08-09 15:53:57.690; org.apache.solr.core.SolrResourceLoader; Adding 'file:/C:/users/jonathan/documents/irweabsearch/solr/contrib/extraction/lib/poi-ooxml-3.10-beta2.jar' to classloader
INFO  - 2014-08-09 15:53:57.691; org.apache.solr.core.SolrResourceLoader; Adding 'file:/C:/users/jonathan/documents/irweabsearch/solr/contrib/extraction/lib/poi-ooxml-schemas-3.10-beta2.jar' to classloader
INFO  - 2014-08-09 15:53:57.692; org.apache.solr.core.SolrResourceLoader; Adding 'file:/C:/users/jonathan/documents/irweabsearch/solr/contrib/extraction/lib/poi-scratchpad-3.10-beta2.jar' to classloader
INFO  - 2014-08-09 15:53:57.692; org.apache.solr.core.SolrResourceLoader; Adding 'file:/C:/users/jonathan/documents/irweabsearch/solr/contrib/extraction/lib/rome-0.9.jar' to classloader
INFO  - 2014-08-09 15:53:57.693; org.apache.solr.core.SolrResourceLoader; Adding 'file:/C:/users/jonathan/documents/irweabsearch/solr/contrib/extraction/lib/tagsoup-1.2.1.jar' to classloader
INFO  - 2014-08-09 15:53:57.693; org.apache.solr.core.SolrResourceLoader; Adding 'file:/C:/users/jonathan/documents/irweabsearch/solr/contrib/extraction/lib/tika-core-1.5.jar' to classloader
INFO  - 2014-08-09 15:53:57.694; org.apache.solr.core.SolrResourceLoader; Adding 'file:/C:/users/jonathan/documents/irweabsearch/solr/contrib/extraction/lib/tika-parsers-1.5.jar' to classloader
INFO  - 2014-08-09 15:53:57.695; org.apache.solr.core.SolrResourceLoader; Adding 'file:/C:/users/jonathan/documents/irweabsearch/solr/contrib/extraction/lib/tika-xmp-1.5.jar' to classloader
INFO  - 2014-08-09 15:53:57.695; org.apache.solr.core.SolrResourceLoader; Adding 'file:/C:/users/jonathan/documents/irweabsearch/solr/contrib/extraction/lib/vorbis-java-core-0.1.jar' to classloader
INFO  - 2014-08-09 15:53:57.696; org.apache.solr.core.SolrResourceLoader; Adding 'file:/C:/users/jonathan/documents/irweabsearch/solr/contrib/extraction/lib/vorbis-java-tika-0.1.jar' to classloader
INFO  - 2014-08-09 15:53:57.697; org.apache.solr.core.SolrResourceLoader; Adding 'file:/C:/users/jonathan/documents/irweabsearch/solr/contrib/extraction/lib/xercesImpl-2.9.1.jar' to classloader
INFO  - 2014-08-09 15:53:57.697; org.apache.solr.core.SolrResourceLoader; Adding 'file:/C:/users/jonathan/documents/irweabsearch/solr/contrib/extraction/lib/xmlbeans-2.3.0.jar' to classloader
INFO  - 2014-08-09 15:53:57.698; org.apache.solr.core.SolrResourceLoader; Adding 'file:/C:/users/jonathan/documents/irweabsearch/solr/contrib/extraction/lib/xmpcore-5.1.2.jar' to classloader
INFO  - 2014-08-09 15:53:57.699; org.apache.solr.core.SolrResourceLoader; Adding 'file:/C:/users/jonathan/documents/irweabsearch/solr/contrib/extraction/lib/xz-1.2.jar' to classloader
INFO  - 2014-08-09 15:53:57.702; org.apache.solr.core.SolrResourceLoader; Adding 'file:/C:/users/jonathan/documents/irweabsearch/solr/dist/solr-cell-4.8.0.jar' to classloader
INFO  - 2014-08-09 15:53:57.704; org.apache.solr.core.SolrResourceLoader; Adding 'file:/C:/users/jonathan/documents/irweabsearch/solr/contrib/clustering/lib/attributes-binder-1.2.1.jar' to classloader
INFO  - 2014-08-09 15:53:57.705; org.apache.solr.core.SolrResourceLoader; Adding 'file:/C:/users/jonathan/documents/irweabsearch/solr/contrib/clustering/lib/carrot2-mini-3.9.0.jar' to classloader
INFO  - 2014-08-09 15:53:57.706; org.apache.solr.core.SolrResourceLoader; Adding 'file:/C:/users/jonathan/documents/irweabsearch/solr/contrib/clustering/lib/hppc-0.5.2.jar' to classloader
INFO  - 2014-08-09 15:53:57.707; org.apache.solr.core.SolrResourceLoader; Adding 'file:/C:/users/jonathan/documents/irweabsearch/solr/contrib/clustering/lib/jackson-core-asl-1.9.13.jar' to classloader
INFO  - 2014-08-09 15:53:57.707; org.apache.solr.core.SolrResourceLoader; Adding 'file:/C:/users/jonathan/documents/irweabsearch/solr/contrib/clustering/lib/jackson-mapper-asl-1.9.13.jar' to classloader
INFO  - 2014-08-09 15:53:57.707; org.apache.solr.core.SolrResourceLoader; Adding 'file:/C:/users/jonathan/documents/irweabsearch/solr/contrib/clustering/lib/mahout-collections-1.0.jar' to classloader
INFO  - 2014-08-09 15:53:57.708; org.apache.solr.core.SolrResourceLoader; Adding 'file:/C:/users/jonathan/documents/irweabsearch/solr/contrib/clustering/lib/mahout-math-0.6.jar' to classloader
INFO  - 2014-08-09 15:53:57.709; org.apache.solr.core.SolrResourceLoader; Adding 'file:/C:/users/jonathan/documents/irweabsearch/solr/contrib/clustering/lib/simple-xml-2.7.jar' to classloader
INFO  - 2014-08-09 15:53:57.711; org.apache.solr.core.SolrResourceLoader; Adding 'file:/C:/users/jonathan/documents/irweabsearch/solr/dist/solr-clustering-4.8.0.jar' to classloader
INFO  - 2014-08-09 15:53:57.713; org.apache.solr.core.SolrResourceLoader; Adding 'file:/C:/users/jonathan/documents/irweabsearch/solr/contrib/langid/lib/jsonic-1.2.7.jar' to classloader
INFO  - 2014-08-09 15:53:57.713; org.apache.solr.core.SolrResourceLoader; Adding 'file:/C:/users/jonathan/documents/irweabsearch/solr/contrib/langid/lib/langdetect-1.1-20120112.jar' to classloader
INFO  - 2014-08-09 15:53:57.715; org.apache.solr.core.SolrResourceLoader; Adding 'file:/C:/users/jonathan/documents/irweabsearch/solr/dist/solr-langid-4.8.0.jar' to classloader
INFO  - 2014-08-09 15:53:57.717; org.apache.solr.core.SolrResourceLoader; Adding 'file:/C:/users/jonathan/documents/irweabsearch/solr/contrib/velocity/lib/commons-beanutils-1.7.0.jar' to classloader
INFO  - 2014-08-09 15:53:57.718; org.apache.solr.core.SolrResourceLoader; Adding 'file:/C:/users/jonathan/documents/irweabsearch/solr/contrib/velocity/lib/commons-collections-3.2.1.jar' to classloader
INFO  - 2014-08-09 15:53:57.718; org.apache.solr.core.SolrResourceLoader; Adding 'file:/C:/users/jonathan/documents/irweabsearch/solr/contrib/velocity/lib/velocity-1.7.jar' to classloader
INFO  - 2014-08-09 15:53:57.718; org.apache.solr.core.SolrResourceLoader; Adding 'file:/C:/users/jonathan/documents/irweabsearch/solr/contrib/velocity/lib/velocity-tools-2.0.jar' to classloader
INFO  - 2014-08-09 15:53:57.720; org.apache.solr.core.SolrResourceLoader; Adding 'file:/C:/users/jonathan/documents/irweabsearch/solr/dist/solr-velocity-4.8.0.jar' to classloader
INFO  - 2014-08-09 15:53:58.085; org.apache.solr.update.SolrIndexConfig; IndexWriter infoStream solr logging is enabled
INFO  - 2014-08-09 15:53:58.094; org.apache.solr.core.SolrConfig; Using Lucene MatchVersion: LUCENE_48
INFO  - 2014-08-09 15:53:58.396; org.apache.solr.core.SolrConfig; Loaded SolrConfig: solrconfig.xml
INFO  - 2014-08-09 15:53:58.409; org.apache.solr.schema.IndexSchema; Reading Solr Schema from schema.xml
INFO  - 2014-08-09 15:53:58.426; org.apache.solr.schema.IndexSchema; [collection1] Schema name=nutch
INFO  - 2014-08-09 15:53:58.517; org.apache.solr.schema.IndexSchema; default search field in schema is content
INFO  - 2014-08-09 15:53:58.517; org.apache.solr.schema.IndexSchema; query parser default operator is OR
INFO  - 2014-08-09 15:53:58.518; org.apache.solr.schema.IndexSchema; unique key field: id
INFO  - 2014-08-09 15:53:58.543; org.apache.solr.core.CoreContainer; Creating SolrCore 'collection1' using configuration from instancedir C:\users\jonathan\documents\irweabsearch\solr\example\solr\collection1\
INFO  - 2014-08-09 15:53:58.564; org.apache.solr.core.SolrCore; solr.NRTCachingDirectoryFactory
INFO  - 2014-08-09 15:53:58.572; org.apache.solr.core.SolrCore; [collection1] Opening new SolrCore at C:\users\jonathan\documents\irweabsearch\solr\example\solr\collection1\, dataDir=C:\Users\Jonathan\Documents\IRWeabsearch\solr\example\solr\collection1\data\
INFO  - 2014-08-09 15:53:58.575; org.apache.solr.core.JmxMonitoredMap; No JMX servers found, not exposing Solr information with JMX.
INFO  - 2014-08-09 15:53:58.581; org.apache.solr.core.SolrCore; [collection1] Added SolrEventListener for newSearcher: org.apache.solr.core.QuerySenderListener{queries=[]}
INFO  - 2014-08-09 15:53:58.581; org.apache.solr.core.SolrCore; [collection1] Added SolrEventListener for firstSearcher: org.apache.solr.core.QuerySenderListener{queries=[{q=static firstSearcher warming in solrconfig.xml}]}
INFO  - 2014-08-09 15:53:58.600; org.apache.solr.core.CachingDirectoryFactory; return new directory for C:\Users\Jonathan\Documents\IRWeabsearch\solr\example\solr\collection1\data
INFO  - 2014-08-09 15:53:58.605; org.apache.solr.core.SolrCore; New index directory detected: old=null new=C:\Users\Jonathan\Documents\IRWeabsearch\solr\example\solr\collection1\data\index/
INFO  - 2014-08-09 15:53:58.608; org.apache.solr.core.CachingDirectoryFactory; return new directory for C:\Users\Jonathan\Documents\IRWeabsearch\solr\example\solr\collection1\data\index
INFO  - 2014-08-09 15:53:58.629; org.apache.solr.core.SolrCore; created json: solr.JSONResponseWriter
INFO  - 2014-08-09 15:53:58.629; org.apache.solr.core.SolrCore; adding lazy queryResponseWriter: solr.VelocityResponseWriter
INFO  - 2014-08-09 15:53:58.630; org.apache.solr.core.SolrCore; created velocity: solr.VelocityResponseWriter
INFO  - 2014-08-09 15:53:58.634; org.apache.solr.core.SolrCore; created xslt: solr.XSLTResponseWriter
INFO  - 2014-08-09 15:53:58.634; org.apache.solr.response.XSLTResponseWriter; xsltCacheLifetimeSeconds=5
INFO  - 2014-08-09 15:53:58.728; org.apache.solr.core.SolrCore; no updateRequestProcessorChain defined as default, creating implicit default
INFO  - 2014-08-09 15:53:58.738; org.apache.solr.core.RequestHandlers; created /select: solr.SearchHandler
INFO  - 2014-08-09 15:53:58.738; org.apache.solr.core.RequestHandlers; created /query: solr.SearchHandler
INFO  - 2014-08-09 15:53:58.740; org.apache.solr.core.RequestHandlers; created /get: solr.RealTimeGetHandler
INFO  - 2014-08-09 15:53:58.741; org.apache.solr.core.RequestHandlers; created /browse: solr.SearchHandler
INFO  - 2014-08-09 15:53:58.741; org.apache.solr.core.RequestHandlers; created /keks: solr.SearchHandler
INFO  - 2014-08-09 15:53:58.744; org.apache.solr.core.RequestHandlers; created /update: solr.UpdateRequestHandler
INFO  - 2014-08-09 15:53:58.744; org.apache.solr.core.RequestHandlers; created /update/json: solr.UpdateRequestHandler
INFO  - 2014-08-09 15:53:58.744; org.apache.solr.core.RequestHandlers; created /update/csv: solr.UpdateRequestHandler
INFO  - 2014-08-09 15:53:58.744; org.apache.solr.core.RequestHandlers; adding lazy requestHandler: solr.extraction.ExtractingRequestHandler
INFO  - 2014-08-09 15:53:58.746; org.apache.solr.core.RequestHandlers; created /update/extract: solr.extraction.ExtractingRequestHandler
INFO  - 2014-08-09 15:53:58.747; org.apache.solr.core.RequestHandlers; adding lazy requestHandler: solr.FieldAnalysisRequestHandler
INFO  - 2014-08-09 15:53:58.747; org.apache.solr.core.RequestHandlers; created /analysis/field: solr.FieldAnalysisRequestHandler
INFO  - 2014-08-09 15:53:58.747; org.apache.solr.core.RequestHandlers; adding lazy requestHandler: solr.DocumentAnalysisRequestHandler
INFO  - 2014-08-09 15:53:58.748; org.apache.solr.core.RequestHandlers; created /analysis/document: solr.DocumentAnalysisRequestHandler
INFO  - 2014-08-09 15:53:58.752; org.apache.solr.core.RequestHandlers; created /admin/: solr.admin.AdminHandlers
INFO  - 2014-08-09 15:53:58.754; org.apache.solr.core.RequestHandlers; created /admin/ping: solr.PingRequestHandler
INFO  - 2014-08-09 15:53:58.756; org.apache.solr.core.RequestHandlers; created /debug/dump: solr.DumpRequestHandler
INFO  - 2014-08-09 15:53:58.774; org.apache.solr.core.RequestHandlers; created /replication: solr.ReplicationHandler
INFO  - 2014-08-09 15:53:58.774; org.apache.solr.core.RequestHandlers; created /spellCheckCompRH: solr.SearchHandler
INFO  - 2014-08-09 15:53:58.774; org.apache.solr.core.RequestHandlers; adding lazy requestHandler: solr.SearchHandler
INFO  - 2014-08-09 15:53:58.774; org.apache.solr.core.RequestHandlers; created /spell: solr.SearchHandler
INFO  - 2014-08-09 15:53:58.774; org.apache.solr.core.RequestHandlers; created /suggest: solr.SearchHandler
INFO  - 2014-08-09 15:53:58.775; org.apache.solr.core.RequestHandlers; adding lazy requestHandler: solr.SearchHandler
INFO  - 2014-08-09 15:53:58.775; org.apache.solr.core.RequestHandlers; created /tvrh: solr.SearchHandler
INFO  - 2014-08-09 15:53:58.775; org.apache.solr.core.RequestHandlers; adding lazy requestHandler: solr.SearchHandler
INFO  - 2014-08-09 15:53:58.775; org.apache.solr.core.RequestHandlers; created /terms: solr.SearchHandler
INFO  - 2014-08-09 15:53:58.775; org.apache.solr.core.RequestHandlers; adding lazy requestHandler: solr.SearchHandler
INFO  - 2014-08-09 15:53:58.776; org.apache.solr.core.RequestHandlers; created /elevate: solr.SearchHandler
INFO  - 2014-08-09 15:53:58.776; org.apache.solr.core.RequestHandlers; created /suggest_phrase: org.apache.solr.handler.component.SearchHandler
INFO  - 2014-08-09 15:53:58.795; org.apache.solr.handler.loader.XMLLoader; xsltCacheLifetimeSeconds=60
INFO  - 2014-08-09 15:53:58.797; org.apache.solr.handler.loader.XMLLoader; xsltCacheLifetimeSeconds=60
INFO  - 2014-08-09 15:53:58.798; org.apache.solr.handler.loader.XMLLoader; xsltCacheLifetimeSeconds=60
INFO  - 2014-08-09 15:53:58.844; org.apache.solr.update.CommitTracker; Hard AutoCommit: if uncommited for 15000ms; 
INFO  - 2014-08-09 15:53:58.844; org.apache.solr.update.CommitTracker; Soft AutoCommit: disabled
INFO  - 2014-08-09 15:53:58.942; org.apache.solr.core.SolrDeletionPolicy; SolrDeletionPolicy.onInit: commits: num=1
	commit{dir=NRTCachingDirectory(MMapDirectory@C:\Users\Jonathan\Documents\IRWeabsearch\solr\example\solr\collection1\data\index lockFactory=NativeFSLockFactory@C:\Users\Jonathan\Documents\IRWeabsearch\solr\example\solr\collection1\data\index; maxCacheMB=48.0 maxMergeSizeMB=4.0),segFN=segments_b6,generation=402}
INFO  - 2014-08-09 15:53:58.943; org.apache.solr.core.SolrDeletionPolicy; newest commit generation = 402
INFO  - 2014-08-09 15:53:59.141; org.apache.solr.search.SolrIndexSearcher; Opening Searcher@298bd5f9[collection1] main
INFO  - 2014-08-09 15:53:59.149; org.apache.solr.rest.ManagedResourceStorage$FileStorageIO; File-based storage initialized to use dir: C:\users\jonathan\documents\irweabsearch\solr\example\solr\collection1\conf
INFO  - 2014-08-09 15:53:59.149; org.apache.solr.rest.RestManager; Initializing RestManager with initArgs: {storageDir=C:\users\jonathan\documents\irweabsearch\solr\example\solr\collection1\conf\}
INFO  - 2014-08-09 15:53:59.159; org.apache.solr.rest.ManagedResourceStorage; Reading _rest_managed.json using file:dir=C:\users\jonathan\documents\irweabsearch\solr\example\solr\collection1\conf
WARN  - 2014-08-09 15:53:59.160; org.apache.solr.rest.ManagedResource; No stored data found for /rest/managed
WARN  - 2014-08-09 15:53:59.160; org.apache.solr.rest.ManagedResource; No registered observers for /rest/managed
INFO  - 2014-08-09 15:53:59.160; org.apache.solr.rest.RestManager; Initializing 0 registered ManagedResources
INFO  - 2014-08-09 15:53:59.161; org.apache.solr.handler.component.SpellCheckComponent; Initializing spell checkers
INFO  - 2014-08-09 15:53:59.172; org.apache.solr.handler.component.SpellCheckComponent; Registering newSearcher listener for spellchecker: default
INFO  - 2014-08-09 15:53:59.185; org.apache.solr.handler.component.SuggestComponent; Initializing SuggestComponent
INFO  - 2014-08-09 15:53:59.186; org.apache.solr.spelling.suggest.SolrSuggester; init: {name=mySuggester,lookupImpl=FuzzyLookupFactory,dictionaryImpl=DocumentDictionaryFactory,field=cat,weightField=price,suggestAnalyzerFieldType=string}
INFO  - 2014-08-09 15:53:59.271; org.apache.solr.spelling.suggest.SolrSuggester; Dictionary loaded with params: {name=mySuggester,lookupImpl=FuzzyLookupFactory,dictionaryImpl=DocumentDictionaryFactory,field=cat,weightField=price,suggestAnalyzerFieldType=string}
INFO  - 2014-08-09 15:53:59.273; org.apache.solr.handler.component.QueryElevationComponent; Loading QueryElevation from: C:\users\jonathan\documents\irweabsearch\solr\example\solr\collection1\conf\elevate.xml
INFO  - 2014-08-09 15:53:59.303; org.apache.solr.handler.component.SpellCheckComponent; Initializing spell checkers
INFO  - 2014-08-09 15:53:59.305; org.apache.solr.spelling.suggest.Suggester; init: {name=suggest_phrase,classname=org.apache.solr.spelling.suggest.Suggester,lookupImpl=org.apache.solr.spelling.suggest.jaspell.JaspellLookupFactory,field=suggest_phrase,buildOnCommit=true,spellcheckIndexDir=C:\spellchecker,thresholdTokenFrequency=0.005,threshold=0.005}
INFO  - 2014-08-09 15:53:59.306; org.apache.solr.spelling.suggest.jaspell.JaspellLookupFactory; init: {name=suggest_phrase,classname=org.apache.solr.spelling.suggest.Suggester,lookupImpl=org.apache.solr.spelling.suggest.jaspell.JaspellLookupFactory,field=suggest_phrase,buildOnCommit=true,spellcheckIndexDir=C:\spellchecker,thresholdTokenFrequency=0.005,threshold=0.005}
INFO  - 2014-08-09 15:53:59.308; org.apache.solr.handler.component.SpellCheckComponent; Registering newSearcher listener for spellchecker: suggest_phrase
INFO  - 2014-08-09 15:53:59.317; org.apache.solr.handler.ReplicationHandler; Commits will be reserved for  10000
INFO  - 2014-08-09 15:53:59.318; org.apache.solr.core.QuerySenderListener; QuerySenderListener sending requests to Searcher@298bd5f9[collection1] main{StandardDirectoryReader(segments_b6:1326:nrt _9z(4.8):C7277/638:delGen=8 _ct(4.8):C4707 _dd(4.8):C1190 _do(4.8):C656 _dp(4.8):C73)}
INFO  - 2014-08-09 15:53:59.319; org.apache.solr.core.CoreContainer; registering core: collection1
INFO  - 2014-08-09 15:53:59.322; org.apache.solr.servlet.SolrDispatchFilter; user.dir=C:\users\jonathan\documents\irweabsearch\solr\example
INFO  - 2014-08-09 15:53:59.324; org.apache.solr.servlet.SolrDispatchFilter; SolrDispatchFilter.init() done
ERROR - 2014-08-09 15:53:59.363; org.apache.solr.common.SolrException; org.apache.solr.common.SolrException: undefined field text
	at org.apache.solr.schema.IndexSchema.getDynamicFieldType(IndexSchema.java:1246)
	at org.apache.solr.schema.IndexSchema$SolrQueryAnalyzer.getWrappedAnalyzer(IndexSchema.java:419)
	at org.apache.lucene.analysis.AnalyzerWrapper.initReader(AnalyzerWrapper.java:117)
	at org.apache.lucene.analysis.Analyzer.tokenStream(Analyzer.java:178)
	at org.apache.lucene.util.QueryBuilder.createFieldQuery(QueryBuilder.java:207)
	at org.apache.solr.parser.SolrQueryParserBase.newFieldQuery(SolrQueryParserBase.java:375)
	at org.apache.solr.parser.SolrQueryParserBase.getFieldQuery(SolrQueryParserBase.java:743)
	at org.apache.solr.parser.SolrQueryParserBase.handleBareTokenQuery(SolrQueryParserBase.java:542)
	at org.apache.solr.parser.QueryParser.Term(QueryParser.java:299)
	at org.apache.solr.parser.QueryParser.Clause(QueryParser.java:185)
	at org.apache.solr.parser.QueryParser.Query(QueryParser.java:107)
	at org.apache.solr.parser.QueryParser.TopLevelQuery(QueryParser.java:96)
	at org.apache.solr.parser.SolrQueryParserBase.parse(SolrQueryParserBase.java:152)
	at org.apache.solr.search.LuceneQParser.parse(LuceneQParser.java:50)
	at org.apache.solr.search.QParser.getQuery(QParser.java:141)
	at org.apache.solr.handler.component.QueryComponent.prepare(QueryComponent.java:145)
	at org.apache.solr.handler.component.SearchHandler.handleRequestBody(SearchHandler.java:197)
	at org.apache.solr.handler.RequestHandlerBase.handleRequest(RequestHandlerBase.java:135)
	at org.apache.solr.core.SolrCore.execute(SolrCore.java:1952)
	at org.apache.solr.core.QuerySenderListener.newSearcher(QuerySenderListener.java:64)
	at org.apache.solr.core.SolrCore$5.call(SolrCore.java:1724)
	at java.util.concurrent.FutureTask.run(Unknown Source)
	at java.util.concurrent.ThreadPoolExecutor.runWorker(Unknown Source)
	at java.util.concurrent.ThreadPoolExecutor$Worker.run(Unknown Source)
	at java.lang.Thread.run(Unknown Source)

INFO  - 2014-08-09 15:53:59.368; org.eclipse.jetty.server.AbstractConnector; Started SocketConnector@0.0.0.0:8983
INFO  - 2014-08-09 15:53:59.478; org.apache.solr.core.SolrCore; [collection1] webapp=null path=null params={q=static+firstSearcher+warming+in+solrconfig.xml&distrib=false&event=firstSearcher} status=400 QTime=157 
INFO  - 2014-08-09 15:53:59.479; org.apache.solr.core.QuerySenderListener; QuerySenderListener done.
INFO  - 2014-08-09 15:53:59.479; org.apache.solr.handler.component.SpellCheckComponent$SpellCheckerListener; Loading spell index for spellchecker: default
INFO  - 2014-08-09 15:53:59.480; org.apache.solr.handler.component.SpellCheckComponent$SpellCheckerListener; Loading spell index for spellchecker: wordbreak
INFO  - 2014-08-09 15:53:59.480; org.apache.solr.handler.component.SuggestComponent$SuggesterListener; Loading suggester index for: mySuggester
INFO  - 2014-08-09 15:53:59.480; org.apache.solr.spelling.suggest.SolrSuggester; reload()
INFO  - 2014-08-09 15:53:59.481; org.apache.solr.spelling.suggest.SolrSuggester; build()
INFO  - 2014-08-09 15:54:00.255; org.apache.solr.handler.component.SpellCheckComponent$SpellCheckerListener; Loading spell index for spellchecker: suggest_phrase
INFO  - 2014-08-09 15:54:00.255; org.apache.solr.spelling.suggest.Suggester; reload()
INFO  - 2014-08-09 15:54:00.256; org.apache.solr.spelling.suggest.Suggester; build()
INFO  - 2014-08-09 15:54:00.588; org.apache.solr.core.SolrCore; [collection1] Registered new searcher Searcher@298bd5f9[collection1] main{StandardDirectoryReader(segments_b6:1326:nrt _9z(4.8):C7277/638:delGen=8 _ct(4.8):C4707 _dd(4.8):C1190 _do(4.8):C656 _dp(4.8):C73)}
INFO  - 2014-08-09 15:54:05.121; org.apache.solr.servlet.SolrDispatchFilter; [admin] webapp=null path=/admin/cores params={indexInfo=false&wt=json&_=1407592445107} status=0 QTime=2 
INFO  - 2014-08-09 15:54:05.162; org.apache.solr.servlet.SolrDispatchFilter; [admin] webapp=null path=/admin/info/system params={wt=json&_=1407592445145} status=0 QTime=4 
INFO  - 2014-08-09 15:58:58.785; org.apache.solr.core.SolrCore; [collection1] webapp=/solr path=/suggest_phrase params={qt=/suggest_phrase&wt=javabin&version=2} status=0 QTime=2 
INFO  - 2014-08-09 15:59:00.344; org.apache.solr.core.SolrCore; [collection1] webapp=/solr path=/suggest_phrase params={q=A&qt=/suggest_phrase&wt=javabin&version=2} status=0 QTime=7 
INFO  - 2014-08-09 15:59:01.310; org.apache.solr.core.SolrCore; [collection1] webapp=/solr path=/suggest_phrase params={q=Ab&qt=/suggest_phrase&wt=javabin&version=2} status=0 QTime=1 
INFO  - 2014-08-09 15:59:01.644; org.apache.solr.core.SolrCore; [collection1] webapp=/solr path=/suggest_phrase params={q=Abc&qt=/suggest_phrase&wt=javabin&version=2} status=0 QTime=0 
INFO  - 2014-08-09 15:59:04.703; org.apache.solr.core.SolrCore; [collection1] webapp=/solr path=/suggest_phrase params={q=Abk&qt=/suggest_phrase&wt=javabin&version=2} status=0 QTime=0 
INFO  - 2014-08-09 15:59:06.935; org.apache.solr.core.SolrCore; [collection1] webapp=/solr path=/suggest_phrase params={q=a&qt=/suggest_phrase&wt=javabin&version=2} status=0 QTime=1 
INFO  - 2014-08-09 15:59:07.566; org.apache.solr.core.SolrCore; [collection1] webapp=/solr path=/suggest_phrase params={q=ab&qt=/suggest_phrase&wt=javabin&version=2} status=0 QTime=1 
INFO  - 2014-08-09 15:59:08.906; org.apache.solr.core.SolrCore; [collection1] webapp=/solr path=/suggest_phrase params={q=abo&qt=/suggest_phrase&wt=javabin&version=2} status=0 QTime=1 
INFO  - 2014-08-09 15:59:09.260; org.apache.solr.core.SolrCore; [collection1] webapp=/solr path=/suggest_phrase params={q=abou&qt=/suggest_phrase&wt=javabin&version=2} status=0 QTime=0 
INFO  - 2014-08-09 15:59:09.836; org.apache.solr.core.SolrCore; [collection1] webapp=/solr path=/suggest_phrase params={q=about&qt=/suggest_phrase&wt=javabin&version=2} status=0 QTime=1 
INFO  - 2014-08-09 15:59:20.576; org.apache.solr.core.SolrCore; [collection1] webapp=/solr path=/suggest_phrase params={qt=/suggest_phrase&wt=javabin&version=2} status=0 QTime=0 
INFO  - 2014-08-09 15:59:20.855; org.apache.solr.core.SolrCore; [collection1] webapp=/solr path=/suggest_phrase params={q=A&qt=/suggest_phrase&wt=javabin&version=2} status=0 QTime=0 
INFO  - 2014-08-09 15:59:21.230; org.apache.solr.core.SolrCore; [collection1] webapp=/solr path=/suggest_phrase params={q=Ab&qt=/suggest_phrase&wt=javabin&version=2} status=0 QTime=1 
INFO  - 2014-08-09 16:04:17.937; org.apache.solr.update.processor.LogUpdateProcessor; [collection1] webapp=/solr path=/update params={wt=javabin&version=2} {} 0 45
ERROR - 2014-08-09 16:04:17.938; org.apache.solr.common.SolrException; org.apache.solr.common.SolrException: ERROR: [doc=552199] unknown field 'name'
	at org.apache.solr.update.DocumentBuilder.toDocument(DocumentBuilder.java:174)
	at org.apache.solr.update.AddUpdateCommand.getLuceneDocument(AddUpdateCommand.java:77)
	at org.apache.solr.update.DirectUpdateHandler2.addDoc0(DirectUpdateHandler2.java:234)
	at org.apache.solr.update.DirectUpdateHandler2.addDoc(DirectUpdateHandler2.java:160)
	at org.apache.solr.update.processor.RunUpdateProcessor.processAdd(RunUpdateProcessorFactory.java:69)
	at org.apache.solr.update.processor.UpdateRequestProcessor.processAdd(UpdateRequestProcessor.java:51)
	at org.apache.solr.update.processor.DistributedUpdateProcessor.doLocalAdd(DistributedUpdateProcessor.java:704)
	at org.apache.solr.update.processor.DistributedUpdateProcessor.versionAdd(DistributedUpdateProcessor.java:858)
	at org.apache.solr.update.processor.DistributedUpdateProcessor.processAdd(DistributedUpdateProcessor.java:557)
	at org.apache.solr.update.processor.LogUpdateProcessor.processAdd(LogUpdateProcessorFactory.java:100)
	at org.apache.solr.handler.loader.XMLLoader.processUpdate(XMLLoader.java:247)
	at org.apache.solr.handler.loader.XMLLoader.load(XMLLoader.java:174)
	at org.apache.solr.handler.UpdateRequestHandler$1.load(UpdateRequestHandler.java:92)
	at org.apache.solr.handler.ContentStreamHandlerBase.handleRequestBody(ContentStreamHandlerBase.java:74)
	at org.apache.solr.handler.RequestHandlerBase.handleRequest(RequestHandlerBase.java:135)
	at org.apache.solr.core.SolrCore.execute(SolrCore.java:1952)
	at org.apache.solr.servlet.SolrDispatchFilter.execute(SolrDispatchFilter.java:774)
	at org.apache.solr.servlet.SolrDispatchFilter.doFilter(SolrDispatchFilter.java:418)
	at org.apache.solr.servlet.SolrDispatchFilter.doFilter(SolrDispatchFilter.java:207)
	at org.eclipse.jetty.servlet.ServletHandler$CachedChain.doFilter(ServletHandler.java:1419)
	at org.eclipse.jetty.servlet.ServletHandler.doHandle(ServletHandler.java:455)
	at org.eclipse.jetty.server.handler.ScopedHandler.handle(ScopedHandler.java:137)
	at org.eclipse.jetty.security.SecurityHandler.handle(SecurityHandler.java:557)
	at org.eclipse.jetty.server.session.SessionHandler.doHandle(SessionHandler.java:231)
	at org.eclipse.jetty.server.handler.ContextHandler.doHandle(ContextHandler.java:1075)
	at org.eclipse.jetty.servlet.ServletHandler.doScope(ServletHandler.java:384)
	at org.eclipse.jetty.server.session.SessionHandler.doScope(SessionHandler.java:193)
	at org.eclipse.jetty.server.handler.ContextHandler.doScope(ContextHandler.java:1009)
	at org.eclipse.jetty.server.handler.ScopedHandler.handle(ScopedHandler.java:135)
	at org.eclipse.jetty.server.handler.ContextHandlerCollection.handle(ContextHandlerCollection.java:255)
	at org.eclipse.jetty.server.handler.HandlerCollection.handle(HandlerCollection.java:154)
	at org.eclipse.jetty.server.handler.HandlerWrapper.handle(HandlerWrapper.java:116)
	at org.eclipse.jetty.server.Server.handle(Server.java:368)
	at org.eclipse.jetty.server.AbstractHttpConnection.handleRequest(AbstractHttpConnection.java:489)
	at org.eclipse.jetty.server.BlockingHttpConnection.handleRequest(BlockingHttpConnection.java:53)
	at org.eclipse.jetty.server.AbstractHttpConnection.content(AbstractHttpConnection.java:953)
	at org.eclipse.jetty.server.AbstractHttpConnection$RequestHandler.content(AbstractHttpConnection.java:1014)
	at org.eclipse.jetty.http.HttpParser.parseNext(HttpParser.java:953)
	at org.eclipse.jetty.http.HttpParser.parseAvailable(HttpParser.java:240)
	at org.eclipse.jetty.server.BlockingHttpConnection.handle(BlockingHttpConnection.java:72)
	at org.eclipse.jetty.server.bio.SocketConnector$ConnectorEndPoint.run(SocketConnector.java:264)
	at org.eclipse.jetty.util.thread.QueuedThreadPool.runJob(QueuedThreadPool.java:608)
	at org.eclipse.jetty.util.thread.QueuedThreadPool$3.run(QueuedThreadPool.java:543)
	at java.lang.Thread.run(Unknown Source)

INFO  - 2014-08-09 16:10:55.396; org.apache.solr.core.SolrCore; [collection1] webapp=/solr path=/suggest_phrase params={qt=/suggest_phrase&wt=javabin&version=2} status=0 QTime=1 
INFO  - 2014-08-09 16:11:03.368; org.apache.solr.core.SolrCore; [collection1] webapp=/solr path=/keks params={q=Medieninformatik&qt=/keks&wt=javabin&version=2} hits=125 status=0 QTime=328 
INFO  - 2014-08-09 16:11:05.365; org.apache.solr.core.SolrCore; [collection1] webapp=/solr path=/suggest_phrase params={qt=/suggest_phrase&wt=javabin&version=2} status=0 QTime=0 
